<?xml version="1.0" encoding="UTF-8"?>
<!-- Generated by org.testng.reporters.JUnitXMLReporter -->
<testsuite ignored="3" hostname="TFD53035" failures="0" tests="0" time="0.014" errors="0" timestamp="2022-04-30T17:41:40 IST">
  <testcase classname="com.LoginValidation" name="VerifyLaunchApplication" time="0.0">
    <ignored/>
  </testcase> <!-- VerifyLaunchApplication -->
  <testcase classname="com.LoginValidation" name="VerifyLoginPage" time="0.0">
    <ignored/>
  </testcase> <!-- VerifyLoginPage -->
  <testcase classname="com.LoginValidation" name="VerifyLoginErrorPage" time="0.0">
    <ignored/>
  </testcase> <!-- VerifyLoginErrorPage -->
</testsuite>
