<?xml version="1.0" encoding="UTF-8"?>
<!-- Generated by org.testng.reporters.JUnitXMLReporter -->
<testsuite ignored="2" hostname="TFD53035" failures="0" tests="0" time="0.002" errors="0" timestamp="2022-04-30T17:41:46 IST">
  <testcase classname="com.PlaceOrderRollSticker" name="Customization" time="0.0">
    <ignored/>
  </testcase> <!-- Customization -->
  <testcase classname="com.PlaceOrderRollSticker" name="VerifyLoginPage" time="0.0">
    <ignored/>
  </testcase> <!-- VerifyLoginPage -->
</testsuite>
