<?xml version="1.0" encoding="UTF-8"?>
<testng-results ignored="0" total="2" passed="2" failed="0" skipped="0">
  <reporter-output>
  </reporter-output>
  <suite started-at="2022-04-27T16:16:33 IST" name="Default suite" finished-at="2022-04-27T16:17:41 IST" duration-ms="67383">
    <groups>
      <group name="Customized">
        <method signature="PlaceOrderPostcards.Customization(java.lang.String, java.lang.String, java.lang.String, java.lang.String, java.lang.String, java.lang.String, java.lang.String, java.lang.String, java.lang.String)[pri:2, instance:com.PlaceOrderPostcards@3f6b0be5]" name="Customization" class="com.PlaceOrderPostcards"/>
      </group> <!-- Customized -->
    </groups>
    <test started-at="2022-04-27T16:16:33 IST" name="Default test" finished-at="2022-04-27T16:17:41 IST" duration-ms="67383">
      <class name="com.PlaceOrderPostcards">
        <test-method is-config="true" signature="setUp()[pri:0, instance:com.PlaceOrderPostcards@3f6b0be5]" started-at="2022-04-27T16:16:34 IST" name="setUp" finished-at="2022-04-27T16:16:41 IST" duration-ms="7186" status="PASS">
          <reporter-output>
          </reporter-output>
        </test-method> <!-- setUp -->
        <test-method signature="VerifyLoginPage(java.lang.String, java.lang.String)[pri:1, instance:com.PlaceOrderPostcards@3f6b0be5]" started-at="2022-04-27T16:16:43 IST" name="VerifyLoginPage" data-provider="ValidUser" finished-at="2022-04-27T16:16:48 IST" duration-ms="5369" status="PASS">
          <params>
            <param index="0">
              <value>
                <![CDATA[cmp_uat@psptesting.com]]>
              </value>
            </param>
            <param index="1">
              <value>
                <![CDATA[Bric@2018]]>
              </value>
            </param>
          </params>
          <reporter-output>
          </reporter-output>
        </test-method> <!-- VerifyLoginPage -->
        <test-method signature="Customization(java.lang.String, java.lang.String, java.lang.String, java.lang.String, java.lang.String, java.lang.String, java.lang.String, java.lang.String, java.lang.String)[pri:2, instance:com.PlaceOrderPostcards@3f6b0be5]" started-at="2022-04-27T16:16:50 IST" name="Customization" data-provider="Options" finished-at="2022-04-27T16:17:41 IST" duration-ms="51166" status="PASS">
          <params>
            <param index="0">
              <value>
                <![CDATA[Full Color Both Sides]]>
              </value>
            </param>
            <param index="1">
              <value>
                <![CDATA[4" x 6"]]>
              </value>
            </param>
            <param index="2">
              <value>
                <![CDATA[15pt. Velvet Cover]]>
              </value>
            </param>
            <param index="3">
              <value>
                <![CDATA[None]]>
              </value>
            </param>
            <param index="4">
              <value>
                <![CDATA[200]]>
              </value>
            </param>
            <param index="5">
              <value>
                <![CDATA[upc46.pdf]]>
              </value>
            </param>
            <param index="6">
              <value>
                <![CDATA[No Hardcopy]]>
              </value>
            </param>
            <param index="7">
              <value>
                <![CDATA[3 Business Days]]>
              </value>
            </param>
            <param index="8">
              <value>
                <![CDATA[Standard]]>
              </value>
            </param>
          </params>
          <reporter-output>
          </reporter-output>
        </test-method> <!-- Customization -->
      </class> <!-- com.PlaceOrderPostcards -->
    </test> <!-- Default test -->
  </suite> <!-- Default suite -->
</testng-results>
